<?xml version="1.0" encoding="UTF-8"?>
<!-- Generated by org.testng.reporters.JUnitReportReporter -->
<testsuite skipped="1" hostname="DESKTOP-QPU8RFA" name="ProjectReport.Dashboard" tests="1" failures="0" timestamp="2022-05-13T12:27:13 IST" time="0.000" errors="0">
  <testcase name="selectCreatedReport" time="0.000" classname="ProjectReport.Dashboard">
    <skipped/>
  </testcase> <!-- selectCreatedReport -->
  <system-out/>
</testsuite> <!-- ProjectReport.Dashboard -->
