<?xml version="1.0" encoding="UTF-8"?>
<!-- Generated by org.testng.reporters.JUnitReportReporter -->
<testsuite skipped="1" hostname="DESKTOP-QPU8RFA" name="QuickLinks.ProjectImages" tests="1" failures="0" timestamp="2022-05-13T12:27:13 IST" time="0.000" errors="0">
  <testcase name="projectImages" time="0.000" classname="QuickLinks.ProjectImages">
    <skipped/>
  </testcase> <!-- projectImages -->
  <system-out/>
</testsuite> <!-- QuickLinks.ProjectImages -->
